C:\USERS\TSIMMONS\DOCUMENTS\VISUAL STUDIO 2010\PROJECTS\PUTTY\PUTTYTRAY-GITORIOUS\WINDOWS\MSVC\PUTTY\DEBUG\BE_ALL_S.OBJ
C:\Users\tsimmons\Documents\Visual Studio 2010\Projects\PuTTY\puttytray-gitorious\windows\MSVC\putty\Debug\cl.command.1.tlog
C:\Users\tsimmons\Documents\Visual Studio 2010\Projects\PuTTY\puttytray-gitorious\windows\MSVC\putty\Debug\CL.read.1.tlog
C:\Users\tsimmons\Documents\Visual Studio 2010\Projects\PuTTY\puttytray-gitorious\windows\MSVC\putty\Debug\CL.write.1.tlog
C:\USERS\TSIMMONS\DOCUMENTS\VISUAL STUDIO 2010\PROJECTS\PUTTY\PUTTYTRAY-GITORIOUS\WINDOWS\MSVC\PUTTY\DEBUG\CMDLINE.OBJ
C:\USERS\TSIMMONS\DOCUMENTS\VISUAL STUDIO 2010\PROJECTS\PUTTY\PUTTYTRAY-GITORIOUS\WINDOWS\MSVC\PUTTY\DEBUG\CONF.OBJ
C:\USERS\TSIMMONS\DOCUMENTS\VISUAL STUDIO 2010\PROJECTS\PUTTY\PUTTYTRAY-GITORIOUS\WINDOWS\MSVC\PUTTY\DEBUG\CONFIG.OBJ
C:\USERS\TSIMMONS\DOCUMENTS\VISUAL STUDIO 2010\PROJECTS\PUTTY\PUTTYTRAY-GITORIOUS\WINDOWS\MSVC\PUTTY\DEBUG\CPROXY.OBJ
C:\USERS\TSIMMONS\DOCUMENTS\VISUAL STUDIO 2010\PROJECTS\PUTTY\PUTTYTRAY-GITORIOUS\WINDOWS\MSVC\PUTTY\DEBUG\DIALOG.OBJ
C:\USERS\TSIMMONS\DOCUMENTS\VISUAL STUDIO 2010\PROJECTS\PUTTY\PUTTYTRAY-GITORIOUS\WINDOWS\MSVC\PUTTY\DEBUG\LDISC.OBJ
C:\USERS\TSIMMONS\DOCUMENTS\VISUAL STUDIO 2010\PROJECTS\PUTTY\PUTTYTRAY-GITORIOUS\WINDOWS\MSVC\PUTTY\DEBUG\LDISCUCS.OBJ
C:\USERS\TSIMMONS\DOCUMENTS\VISUAL STUDIO 2010\PROJECTS\PUTTY\PUTTYTRAY-GITORIOUS\WINDOWS\MSVC\PUTTY\DEBUG\LOGGING.OBJ
C:\USERS\TSIMMONS\DOCUMENTS\VISUAL STUDIO 2010\PROJECTS\PUTTY\PUTTYTRAY-GITORIOUS\WINDOWS\MSVC\PUTTY\DEBUG\MINIBIDI.OBJ
C:\USERS\TSIMMONS\DOCUMENTS\VISUAL STUDIO 2010\PROJECTS\PUTTY\PUTTYTRAY-GITORIOUS\WINDOWS\MSVC\PUTTY\DEBUG\MISC.OBJ
C:\USERS\TSIMMONS\DOCUMENTS\VISUAL STUDIO 2010\PROJECTS\PUTTY\PUTTYTRAY-GITORIOUS\WINDOWS\MSVC\PUTTY\DEBUG\PGSSAPI.OBJ
C:\USERS\TSIMMONS\DOCUMENTS\VISUAL STUDIO 2010\PROJECTS\PUTTY\PUTTYTRAY-GITORIOUS\WINDOWS\MSVC\PUTTY\DEBUG\PICKICONDIALOG.OBJ
C:\USERS\TSIMMONS\DOCUMENTS\VISUAL STUDIO 2010\PROJECTS\PUTTY\PUTTYTRAY-GITORIOUS\WINDOWS\MSVC\PUTTY\DEBUG\PINGER.OBJ
C:\USERS\TSIMMONS\DOCUMENTS\VISUAL STUDIO 2010\PROJECTS\PUTTY\PUTTYTRAY-GITORIOUS\WINDOWS\MSVC\PUTTY\DEBUG\PORTFWD.OBJ
C:\USERS\TSIMMONS\DOCUMENTS\VISUAL STUDIO 2010\PROJECTS\PUTTY\PUTTYTRAY-GITORIOUS\WINDOWS\MSVC\PUTTY\DEBUG\PROXY.OBJ
C:\USERS\TSIMMONS\DOCUMENTS\VISUAL STUDIO 2010\PROJECTS\PUTTY\PUTTYTRAY-GITORIOUS\WINDOWS\MSVC\PUTTY\DEBUG\RAW.OBJ
C:\USERS\TSIMMONS\DOCUMENTS\VISUAL STUDIO 2010\PROJECTS\PUTTY\PUTTYTRAY-GITORIOUS\WINDOWS\MSVC\PUTTY\DEBUG\RLOGIN.OBJ
C:\USERS\TSIMMONS\DOCUMENTS\VISUAL STUDIO 2010\PROJECTS\PUTTY\PUTTYTRAY-GITORIOUS\WINDOWS\MSVC\PUTTY\DEBUG\SERCFG.OBJ
C:\USERS\TSIMMONS\DOCUMENTS\VISUAL STUDIO 2010\PROJECTS\PUTTY\PUTTYTRAY-GITORIOUS\WINDOWS\MSVC\PUTTY\DEBUG\SETTINGS.OBJ
C:\USERS\TSIMMONS\DOCUMENTS\VISUAL STUDIO 2010\PROJECTS\PUTTY\PUTTYTRAY-GITORIOUS\WINDOWS\MSVC\PUTTY\DEBUG\SIZETIP.OBJ
C:\USERS\TSIMMONS\DOCUMENTS\VISUAL STUDIO 2010\PROJECTS\PUTTY\PUTTYTRAY-GITORIOUS\WINDOWS\MSVC\PUTTY\DEBUG\SSHAES.OBJ
C:\USERS\TSIMMONS\DOCUMENTS\VISUAL STUDIO 2010\PROJECTS\PUTTY\PUTTYTRAY-GITORIOUS\WINDOWS\MSVC\PUTTY\DEBUG\SSHARCF.OBJ
C:\USERS\TSIMMONS\DOCUMENTS\VISUAL STUDIO 2010\PROJECTS\PUTTY\PUTTYTRAY-GITORIOUS\WINDOWS\MSVC\PUTTY\DEBUG\SSHBLOWF.OBJ
C:\USERS\TSIMMONS\DOCUMENTS\VISUAL STUDIO 2010\PROJECTS\PUTTY\PUTTYTRAY-GITORIOUS\WINDOWS\MSVC\PUTTY\DEBUG\SSHBN.OBJ
C:\USERS\TSIMMONS\DOCUMENTS\VISUAL STUDIO 2010\PROJECTS\PUTTY\PUTTYTRAY-GITORIOUS\WINDOWS\MSVC\PUTTY\DEBUG\SSHCRC.OBJ
C:\USERS\TSIMMONS\DOCUMENTS\VISUAL STUDIO 2010\PROJECTS\PUTTY\PUTTYTRAY-GITORIOUS\WINDOWS\MSVC\PUTTY\DEBUG\SSHCRCDA.OBJ
C:\USERS\TSIMMONS\DOCUMENTS\VISUAL STUDIO 2010\PROJECTS\PUTTY\PUTTYTRAY-GITORIOUS\WINDOWS\MSVC\PUTTY\DEBUG\SSHDES.OBJ
C:\USERS\TSIMMONS\DOCUMENTS\VISUAL STUDIO 2010\PROJECTS\PUTTY\PUTTYTRAY-GITORIOUS\WINDOWS\MSVC\PUTTY\DEBUG\SSHDH.OBJ
C:\USERS\TSIMMONS\DOCUMENTS\VISUAL STUDIO 2010\PROJECTS\PUTTY\PUTTYTRAY-GITORIOUS\WINDOWS\MSVC\PUTTY\DEBUG\SSHDSS.OBJ
C:\USERS\TSIMMONS\DOCUMENTS\VISUAL STUDIO 2010\PROJECTS\PUTTY\PUTTYTRAY-GITORIOUS\WINDOWS\MSVC\PUTTY\DEBUG\SSHGSSC.OBJ
C:\USERS\TSIMMONS\DOCUMENTS\VISUAL STUDIO 2010\PROJECTS\PUTTY\PUTTYTRAY-GITORIOUS\WINDOWS\MSVC\PUTTY\DEBUG\SSHMD5.OBJ
C:\USERS\TSIMMONS\DOCUMENTS\VISUAL STUDIO 2010\PROJECTS\PUTTY\PUTTYTRAY-GITORIOUS\WINDOWS\MSVC\PUTTY\DEBUG\SSHPUBK.OBJ
C:\USERS\TSIMMONS\DOCUMENTS\VISUAL STUDIO 2010\PROJECTS\PUTTY\PUTTYTRAY-GITORIOUS\WINDOWS\MSVC\PUTTY\DEBUG\SSHRAND.OBJ
C:\USERS\TSIMMONS\DOCUMENTS\VISUAL STUDIO 2010\PROJECTS\PUTTY\PUTTYTRAY-GITORIOUS\WINDOWS\MSVC\PUTTY\DEBUG\SSHRSA.OBJ
C:\USERS\TSIMMONS\DOCUMENTS\VISUAL STUDIO 2010\PROJECTS\PUTTY\PUTTYTRAY-GITORIOUS\WINDOWS\MSVC\PUTTY\DEBUG\SSHSH256.OBJ
C:\USERS\TSIMMONS\DOCUMENTS\VISUAL STUDIO 2010\PROJECTS\PUTTY\PUTTYTRAY-GITORIOUS\WINDOWS\MSVC\PUTTY\DEBUG\SSHSH512.OBJ
C:\USERS\TSIMMONS\DOCUMENTS\VISUAL STUDIO 2010\PROJECTS\PUTTY\PUTTYTRAY-GITORIOUS\WINDOWS\MSVC\PUTTY\DEBUG\SSHSHA.OBJ
C:\USERS\TSIMMONS\DOCUMENTS\VISUAL STUDIO 2010\PROJECTS\PUTTY\PUTTYTRAY-GITORIOUS\WINDOWS\MSVC\PUTTY\DEBUG\SSHZLIB.OBJ
C:\USERS\TSIMMONS\DOCUMENTS\VISUAL STUDIO 2010\PROJECTS\PUTTY\PUTTYTRAY-GITORIOUS\WINDOWS\MSVC\PUTTY\DEBUG\TELNET.OBJ
C:\USERS\TSIMMONS\DOCUMENTS\VISUAL STUDIO 2010\PROJECTS\PUTTY\PUTTYTRAY-GITORIOUS\WINDOWS\MSVC\PUTTY\DEBUG\TERMINAL.OBJ
C:\USERS\TSIMMONS\DOCUMENTS\VISUAL STUDIO 2010\PROJECTS\PUTTY\PUTTYTRAY-GITORIOUS\WINDOWS\MSVC\PUTTY\DEBUG\TIMING.OBJ
C:\USERS\TSIMMONS\DOCUMENTS\VISUAL STUDIO 2010\PROJECTS\PUTTY\PUTTYTRAY-GITORIOUS\WINDOWS\MSVC\PUTTY\DEBUG\TREE234.OBJ
C:\Users\tsimmons\Documents\Visual Studio 2010\Projects\PuTTY\puttytray-gitorious\windows\MSVC\putty\Debug\vc100.idb
C:\USERS\TSIMMONS\DOCUMENTS\VISUAL STUDIO 2010\PROJECTS\PUTTY\PUTTYTRAY-GITORIOUS\WINDOWS\MSVC\PUTTY\DEBUG\VC100.PDB
C:\USERS\TSIMMONS\DOCUMENTS\VISUAL STUDIO 2010\PROJECTS\PUTTY\PUTTYTRAY-GITORIOUS\WINDOWS\MSVC\PUTTY\DEBUG\VERSION.OBJ
C:\USERS\TSIMMONS\DOCUMENTS\VISUAL STUDIO 2010\PROJECTS\PUTTY\PUTTYTRAY-GITORIOUS\WINDOWS\MSVC\PUTTY\DEBUG\WCWIDTH.OBJ
C:\USERS\TSIMMONS\DOCUMENTS\VISUAL STUDIO 2010\PROJECTS\PUTTY\PUTTYTRAY-GITORIOUS\WINDOWS\MSVC\PUTTY\DEBUG\WILDCARD.OBJ
C:\USERS\TSIMMONS\DOCUMENTS\VISUAL STUDIO 2010\PROJECTS\PUTTY\PUTTYTRAY-GITORIOUS\WINDOWS\MSVC\PUTTY\DEBUG\WINCFG.OBJ
C:\USERS\TSIMMONS\DOCUMENTS\VISUAL STUDIO 2010\PROJECTS\PUTTY\PUTTYTRAY-GITORIOUS\WINDOWS\MSVC\PUTTY\DEBUG\WINDEFS.OBJ
C:\USERS\TSIMMONS\DOCUMENTS\VISUAL STUDIO 2010\PROJECTS\PUTTY\PUTTYTRAY-GITORIOUS\WINDOWS\MSVC\PUTTY\DEBUG\WINDOW.OBJ
C:\USERS\TSIMMONS\DOCUMENTS\VISUAL STUDIO 2010\PROJECTS\PUTTY\PUTTYTRAY-GITORIOUS\WINDOWS\MSVC\PUTTY\DEBUG\WINGSS.OBJ
C:\USERS\TSIMMONS\DOCUMENTS\VISUAL STUDIO 2010\PROJECTS\PUTTY\PUTTYTRAY-GITORIOUS\WINDOWS\MSVC\PUTTY\DEBUG\WINHANDL.OBJ
C:\USERS\TSIMMONS\DOCUMENTS\VISUAL STUDIO 2010\PROJECTS\PUTTY\PUTTYTRAY-GITORIOUS\WINDOWS\MSVC\PUTTY\DEBUG\WINHELP.OBJ
C:\USERS\TSIMMONS\DOCUMENTS\VISUAL STUDIO 2010\PROJECTS\PUTTY\PUTTYTRAY-GITORIOUS\WINDOWS\MSVC\PUTTY\DEBUG\WINJUMP.OBJ
C:\USERS\TSIMMONS\DOCUMENTS\VISUAL STUDIO 2010\PROJECTS\PUTTY\PUTTYTRAY-GITORIOUS\WINDOWS\MSVC\PUTTY\DEBUG\WINMISC.OBJ
C:\USERS\TSIMMONS\DOCUMENTS\VISUAL STUDIO 2010\PROJECTS\PUTTY\PUTTYTRAY-GITORIOUS\WINDOWS\MSVC\PUTTY\DEBUG\WINNET.OBJ
C:\USERS\TSIMMONS\DOCUMENTS\VISUAL STUDIO 2010\PROJECTS\PUTTY\PUTTYTRAY-GITORIOUS\WINDOWS\MSVC\PUTTY\DEBUG\WINNOISE.OBJ
C:\USERS\TSIMMONS\DOCUMENTS\VISUAL STUDIO 2010\PROJECTS\PUTTY\PUTTYTRAY-GITORIOUS\WINDOWS\MSVC\PUTTY\DEBUG\WINPGNTC.OBJ
C:\USERS\TSIMMONS\DOCUMENTS\VISUAL STUDIO 2010\PROJECTS\PUTTY\PUTTYTRAY-GITORIOUS\WINDOWS\MSVC\PUTTY\DEBUG\WINPRINT.OBJ
C:\USERS\TSIMMONS\DOCUMENTS\VISUAL STUDIO 2010\PROJECTS\PUTTY\PUTTYTRAY-GITORIOUS\WINDOWS\MSVC\PUTTY\DEBUG\WINPROXY.OBJ
C:\USERS\TSIMMONS\DOCUMENTS\VISUAL STUDIO 2010\PROJECTS\PUTTY\PUTTYTRAY-GITORIOUS\WINDOWS\MSVC\PUTTY\DEBUG\WINSER.OBJ
C:\USERS\TSIMMONS\DOCUMENTS\VISUAL STUDIO 2010\PROJECTS\PUTTY\PUTTYTRAY-GITORIOUS\WINDOWS\MSVC\PUTTY\DEBUG\WINSTORE.OBJ
C:\USERS\TSIMMONS\DOCUMENTS\VISUAL STUDIO 2010\PROJECTS\PUTTY\PUTTYTRAY-GITORIOUS\WINDOWS\MSVC\PUTTY\DEBUG\WINTIME.OBJ
C:\USERS\TSIMMONS\DOCUMENTS\VISUAL STUDIO 2010\PROJECTS\PUTTY\PUTTYTRAY-GITORIOUS\WINDOWS\MSVC\PUTTY\DEBUG\WINUCS.OBJ
C:\USERS\TSIMMONS\DOCUMENTS\VISUAL STUDIO 2010\PROJECTS\PUTTY\PUTTYTRAY-GITORIOUS\WINDOWS\MSVC\PUTTY\DEBUG\WINUTILS.OBJ
C:\USERS\TSIMMONS\DOCUMENTS\VISUAL STUDIO 2010\PROJECTS\PUTTY\PUTTYTRAY-GITORIOUS\WINDOWS\MSVC\PUTTY\DEBUG\WINX11.OBJ
C:\USERS\TSIMMONS\DOCUMENTS\VISUAL STUDIO 2010\PROJECTS\PUTTY\PUTTYTRAY-GITORIOUS\WINDOWS\MSVC\PUTTY\DEBUG\X11FWD.OBJ
